<?xml version="1.0" encoding="UTF-8"?>
<!-- Generated by org.testng.reporters.JUnitXMLReporter -->
<testsuite ignored="0" hostname="LAPTOP-1FI2MCQ5" failures="0" tests="5" name="Test" time="0.06" errors="0" timestamp="2021-09-13T18:09:31 IST">
  <testcase classname="qaclickacademyz.Mavenjava.SeleniumTest" name="BrowserAutomation" time="0.007"/>
  <testcase classname="qaclickacademyz.Mavenjava.SeleniumTest" name="elementsUi" time="0.001"/>
  <testcase classname="qaclickacademyz.Mavenjava.SeleniumTest" name="twinklingStar" time="0.001"/>
  <testcase classname="qaclickacademyz.Mavenjava.RESTAPITest" name="deleteTwitter" time="0.001"/>
  <testcase classname="qaclickacademyz.Mavenjava.RESTAPITest" name="postJira" time="0.001"/>
</testsuite> <!-- Test -->
