<?xml version="1.0" encoding="UTF-8"?>
<!-- Generated by org.testng.reporters.JUnitXMLReporter -->
<testsuite hostname="LAPTOP-1FI2MCQ5" ignored="0" name="Command line test" tests="8" failures="0" timestamp="13 Sep 2021 12:59:55 GMT" time="0.041" errors="0">
  <testcase name="IosApps" time="0.006" classname="qaclickacademyz.Mavenjava.AppiumTest"/>
  <testcase name="abcdShop" time="0.0" classname="qaclickacademyz.Mavenjava.AppiumTest"/>
  <testcase name="nativeAppAndroid" time="0.0" classname="qaclickacademyz.Mavenjava.AppiumTest"/>
  <testcase name="deleteTwitter" time="0.0" classname="qaclickacademyz.Mavenjava.RESTAPITest"/>
  <testcase name="postJira" time="0.0" classname="qaclickacademyz.Mavenjava.RESTAPITest"/>
  <testcase name="BrowserAutomation" time="0.001" classname="qaclickacademyz.Mavenjava.SeleniumTest"/>
  <testcase name="elementsUi" time="0.001" classname="qaclickacademyz.Mavenjava.SeleniumTest"/>
  <testcase name="twinklingStar" time="0.0" classname="qaclickacademyz.Mavenjava.SeleniumTest"/>
</testsuite> <!-- Command line test -->
