<?xml version="1.0" encoding="UTF-8"?>
<testng-results skipped="0" failed="0" ignored="0" total="8" passed="8">
  <reporter-output>
  </reporter-output>
  <suite name="Command line suite" duration-ms="41" started-at="2021-09-13T12:59:55Z" finished-at="2021-09-13T12:59:55Z">
    <groups>
    </groups>
    <test name="Command line test" duration-ms="41" started-at="2021-09-13T12:59:55Z" finished-at="2021-09-13T12:59:55Z">
      <class name="qaclickacademyz.Mavenjava.AppiumTest">
        <test-method status="PASS" signature="IosApps()[pri:0, instance:qaclickacademyz.Mavenjava.AppiumTest@6b143ee9]" name="IosApps" duration-ms="6" started-at="2021-09-13T12:59:55Z" finished-at="2021-09-13T12:59:55Z">
          <reporter-output>
          </reporter-output>
        </test-method> <!-- IosApps -->
        <test-method status="PASS" signature="abcdShop()[pri:0, instance:qaclickacademyz.Mavenjava.AppiumTest@6b143ee9]" name="abcdShop" duration-ms="0" started-at="2021-09-13T12:59:55Z" finished-at="2021-09-13T12:59:55Z">
          <reporter-output>
          </reporter-output>
        </test-method> <!-- abcdShop -->
        <test-method status="PASS" signature="nativeAppAndroid()[pri:0, instance:qaclickacademyz.Mavenjava.AppiumTest@6b143ee9]" name="nativeAppAndroid" duration-ms="0" started-at="2021-09-13T12:59:55Z" finished-at="2021-09-13T12:59:55Z">
          <reporter-output>
          </reporter-output>
        </test-method> <!-- nativeAppAndroid -->
      </class> <!-- qaclickacademyz.Mavenjava.AppiumTest -->
      <class name="qaclickacademyz.Mavenjava.RESTAPITest">
        <test-method status="PASS" signature="deleteTwitter()[pri:0, instance:qaclickacademyz.Mavenjava.RESTAPITest@1936f0f5]" name="deleteTwitter" duration-ms="0" started-at="2021-09-13T12:59:55Z" finished-at="2021-09-13T12:59:55Z">
          <reporter-output>
          </reporter-output>
        </test-method> <!-- deleteTwitter -->
        <test-method status="PASS" signature="postJira()[pri:0, instance:qaclickacademyz.Mavenjava.RESTAPITest@1936f0f5]" name="postJira" duration-ms="0" started-at="2021-09-13T12:59:55Z" finished-at="2021-09-13T12:59:55Z">
          <reporter-output>
          </reporter-output>
        </test-method> <!-- postJira -->
      </class> <!-- qaclickacademyz.Mavenjava.RESTAPITest -->
      <class name="qaclickacademyz.Mavenjava.SeleniumTest">
        <test-method status="PASS" signature="BrowserAutomation()[pri:0, instance:qaclickacademyz.Mavenjava.SeleniumTest@6615435c]" name="BrowserAutomation" duration-ms="1" started-at="2021-09-13T12:59:55Z" finished-at="2021-09-13T12:59:55Z">
          <reporter-output>
          </reporter-output>
        </test-method> <!-- BrowserAutomation -->
        <test-method status="PASS" signature="elementsUi()[pri:0, instance:qaclickacademyz.Mavenjava.SeleniumTest@6615435c]" name="elementsUi" duration-ms="1" started-at="2021-09-13T12:59:55Z" finished-at="2021-09-13T12:59:55Z">
          <reporter-output>
          </reporter-output>
        </test-method> <!-- elementsUi -->
        <test-method status="PASS" signature="twinklingStar()[pri:0, instance:qaclickacademyz.Mavenjava.SeleniumTest@6615435c]" name="twinklingStar" duration-ms="0" started-at="2021-09-13T12:59:55Z" finished-at="2021-09-13T12:59:55Z">
          <reporter-output>
          </reporter-output>
        </test-method> <!-- twinklingStar -->
      </class> <!-- qaclickacademyz.Mavenjava.SeleniumTest -->
    </test> <!-- Command line test -->
  </suite> <!-- Command line suite -->
</testng-results>
