<?xml version="1.0" encoding="UTF-8"?>
<testng-results ignored="0" total="5" passed="5" failed="0" skipped="0">
  <reporter-output>
  </reporter-output>
  <suite started-at="2021-09-13T18:09:31 IST" name="Suite" finished-at="2021-09-13T18:09:31 IST" duration-ms="60">
    <groups>
    </groups>
    <test started-at="2021-09-13T18:09:31 IST" name="Test" finished-at="2021-09-13T18:09:31 IST" duration-ms="60">
      <class name="qaclickacademyz.Mavenjava.RESTAPITest">
        <test-method signature="deleteTwitter()[pri:0, instance:qaclickacademyz.Mavenjava.RESTAPITest@6da21078]" started-at="2021-09-13T18:09:31 IST" name="deleteTwitter" finished-at="2021-09-13T18:09:31 IST" duration-ms="1" status="PASS">
          <reporter-output>
          </reporter-output>
        </test-method> <!-- deleteTwitter -->
        <test-method signature="postJira()[pri:0, instance:qaclickacademyz.Mavenjava.RESTAPITest@6da21078]" started-at="2021-09-13T18:09:31 IST" name="postJira" finished-at="2021-09-13T18:09:31 IST" duration-ms="1" status="PASS">
          <reporter-output>
          </reporter-output>
        </test-method> <!-- postJira -->
      </class> <!-- qaclickacademyz.Mavenjava.RESTAPITest -->
      <class name="qaclickacademyz.Mavenjava.SeleniumTest">
        <test-method signature="BrowserAutomation()[pri:0, instance:qaclickacademyz.Mavenjava.SeleniumTest@581ac8a8]" started-at="2021-09-13T18:09:31 IST" name="BrowserAutomation" finished-at="2021-09-13T18:09:31 IST" duration-ms="7" status="PASS">
          <reporter-output>
          </reporter-output>
        </test-method> <!-- BrowserAutomation -->
        <test-method signature="elementsUi()[pri:0, instance:qaclickacademyz.Mavenjava.SeleniumTest@581ac8a8]" started-at="2021-09-13T18:09:31 IST" name="elementsUi" finished-at="2021-09-13T18:09:31 IST" duration-ms="1" status="PASS">
          <reporter-output>
          </reporter-output>
        </test-method> <!-- elementsUi -->
        <test-method signature="twinklingStar()[pri:0, instance:qaclickacademyz.Mavenjava.SeleniumTest@581ac8a8]" started-at="2021-09-13T18:09:31 IST" name="twinklingStar" finished-at="2021-09-13T18:09:31 IST" duration-ms="1" status="PASS">
          <reporter-output>
          </reporter-output>
        </test-method> <!-- twinklingStar -->
      </class> <!-- qaclickacademyz.Mavenjava.SeleniumTest -->
    </test> <!-- Test -->
  </suite> <!-- Suite -->
</testng-results>
